Populatia initiala: 
1: 1001001100011110110111 x=1.787740707397461 f=0.5917238705114869
2: 1111011011011011100000 x=-0.9129462242126465 f=0.25358296748322573
3: 0011100100001111011010 x=0.07530689239501953 f=2.0696357643528245
4: 1011010100100111101110 x=0.4012460708618164 f=2.2402476614797706
5: 0010101110000111101000 x=-0.7242746353149414 f=0.7511516173244672
6: 1011001011010001011100 x=-0.31824398040771484 f=1.5804767885265392
7: 0001101001010111111101 x=1.2460346221923828 f=1.6934323424902686
8: 1010101100111111100000 x=-0.9068307876586914 f=0.27082713489562593
9: 1001000110010010100100 x=-0.5646610260009766 f=1.116496899714548
10: 1000010010100100110110 x=0.27242279052734375 f=2.1982086137286387
11: 0111001010010010111001 x=0.8415474891662598 f=2.1333453126442237
12: 0110011111010001000010 x=-0.22438383102416992 f=1.7252680653507468
13: 0111101110000100000110 x=0.13120126724243164 f=2.1139874947164117
14: 1101011101001100010000 x=-0.8969273567199707 f=0.2985939600473557
15: 1011100110101011100111 x=1.7109880447387695 f=0.7835079554997719
16: 0010110001111010100011 x=1.3141241073608398 f=1.5872019378139157
17: 1010000000111111000100 x=-0.5788545608520508 f=1.0860728365287287
18: 0000110111110011011100 x=-0.3057212829589844 f=1.6008132141869282
19: 0110100010101111100110 x=0.2167515754699707 f=2.1697703300012563
20: 1000011101101101110111 x=1.7991104125976562 f=0.5623121358803473

 
 
Probabilitati pentru selectie: 
cromozom  1  probabilitate  0.02205730936385924
cromozom  2  probabilitate  0.00945264884843679
cromozom  3  probabilitate  0.07714847853843904
cromozom  4  probabilitate  0.0835082682708205
cromozom  5  probabilitate  0.028000194733004854
cromozom  6  probabilitate  0.05891441465221719
cromozom  7  probabilitate  0.06312498603915553
cromozom  8  probabilitate  0.01009544856346047
cromozom  9  probabilitate  0.041618935365081634
cromozom  10  probabilitate  0.08194120578134001
cromozom  11  probabilitate  0.07952333831024512
cromozom  12  probabilitate  0.06431170576257765
cromozom  13  probabilitate  0.07880174940717463
cromozom  14  probabilitate  0.011130494609337373
cromozom  15  probabilitate  0.029206321097988958
cromozom  16  probabilitate  0.05916510370794444
cromozom  17  probabilitate  0.040484837169558203
cromozom  18  probabilitate  0.059672482485036885
cromozom  19  probabilitate  0.08088113020688352
cromozom  20  probabilitate  0.02096094708743797

 
 
 Intervale probabilitati selectie: 
0 
0.02205730936385924
0.03150995821229603
0.10865843675073507
0.19216670502155558
0.22016689975456044
0.27908131440677764
0.34220630044593314
0.3523017490093936
0.39392068437447525
0.47586189015581526
0.5553852284660604
0.619696934228638
0.6984986836358127
0.70962917824515
0.738835499343139
0.7980006030510834
0.8384854402206416
0.8981579227056785
0.979039052912562
1.0
u = 0.7654160754316655 selectam cromozomul 16. 
u = 0.34425065170371294 selectam cromozomul 8. 
u = 0.6217511089521205 selectam cromozomul 13. 
u = 0.41672613798572156 selectam cromozomul 10. 
u = 0.2857515252349996 selectam cromozomul 7. 
u = 0.9238318341846653 selectam cromozomul 19. 
u = 0.694771625025067 selectam cromozomul 13. 
u = 0.5323975820287093 selectam cromozomul 11. 
u = 0.05290551570457103 selectam cromozomul 3. 
u = 0.528134875610061 selectam cromozomul 11. 
u = 0.6826753428553338 selectam cromozomul 13. 
u = 0.7616573660841541 selectam cromozomul 16. 
u = 0.7967737521764916 selectam cromozomul 16. 
u = 0.6142418411840126 selectam cromozomul 12. 
u = 0.9212381735114371 selectam cromozomul 19. 
u = 0.8527368593936054 selectam cromozomul 18. 
u = 0.18289502614972686 selectam cromozomul 4. 
u = 0.3441861601243491 selectam cromozomul 8. 
u = 0.05868180200519124 selectam cromozomul 3. 
u = 0.6828632155732842 selectam cromozomul 13. 



Dupa selectie:
1: 0010110001111010100011 x=1.3141241073608398 f=1.5872019378139157
2: 1010101100111111100000 x=-0.9068307876586914 f=0.27082713489562593
3: 0111101110000100000110 x=0.13120126724243164 f=2.1139874947164117
4: 1000010010100100110110 x=0.27242279052734375 f=2.1982086137286387
5: 0001101001010111111101 x=1.2460346221923828 f=1.6934323424902686
6: 0110100010101111100110 x=0.2167515754699707 f=2.1697703300012563
7: 0111101110000100000110 x=0.13120126724243164 f=2.1139874947164117
8: 0111001010010010111001 x=0.8415474891662598 f=2.1333453126442237
9: 0011100100001111011010 x=0.07530689239501953 f=2.0696357643528245
10: 0111001010010010111001 x=0.8415474891662598 f=2.1333453126442237
11: 0111101110000100000110 x=0.13120126724243164 f=2.1139874947164117
12: 0010110001111010100011 x=1.3141241073608398 f=1.5872019378139157
13: 0010110001111010100011 x=1.3141241073608398 f=1.5872019378139157
14: 0110011111010001000010 x=-0.22438383102416992 f=1.7252680653507468
15: 0110100010101111100110 x=0.2167515754699707 f=2.1697703300012563
16: 0000110111110011011100 x=-0.3057212829589844 f=1.6008132141869282
17: 1011010100100111101110 x=0.4012460708618164 f=2.2402476614797706
18: 1010101100111111100000 x=-0.9068307876586914 f=0.27082713489562593
19: 0011100100001111011010 x=0.07530689239501953 f=2.0696357643528245
20: 0111101110000100000110 x=0.13120126724243164 f=2.1139874947164117



Probabilitate de incrucisare:
i:1  0010110001111010100011 x=1.3141241073608398 f=1.5872019378139157 u=0.19372007962154825<0.3 parcticipa.
i:2  1010101100111111100000 x=-0.9068307876586914 f=0.27082713489562593 u=0.2848239033197961<0.3 parcticipa.
i:3  0111101110000100000110 x=0.13120126724243164 f=2.1139874947164117 u =0.715034797043969.
i:4  1000010010100100110110 x=0.27242279052734375 f=2.1982086137286387 u=0.0061470050649100605<0.3 parcticipa.
i:5  0001101001010111111101 x=1.2460346221923828 f=1.6934323424902686 u =0.3678298862034374.
i:6  0110100010101111100110 x=0.2167515754699707 f=2.1697703300012563 u =0.8439561507703242.
i:7  0111101110000100000110 x=0.13120126724243164 f=2.1139874947164117 u=0.27651977056015986<0.3 parcticipa.
i:8  0111001010010010111001 x=0.8415474891662598 f=2.1333453126442237 u=0.13865359382195874<0.3 parcticipa.
i:9  0011100100001111011010 x=0.07530689239501953 f=2.0696357643528245 u =0.773722018808295.
i:10  0111001010010010111001 x=0.8415474891662598 f=2.1333453126442237 u =0.3969665689682714.
i:11  0111101110000100000110 x=0.13120126724243164 f=2.1139874947164117 u =0.3397736341790478.
i:12  0010110001111010100011 x=1.3141241073608398 f=1.5872019378139157 u =0.9242993171809949.
i:13  0010110001111010100011 x=1.3141241073608398 f=1.5872019378139157 u=0.08027286680805767<0.3 parcticipa.
i:14  0110011111010001000010 x=-0.22438383102416992 f=1.7252680653507468 u =0.9688547526792954.
i:15  0110100010101111100110 x=0.2167515754699707 f=2.1697703300012563 u =0.41554885252246154.
i:16  0000110111110011011100 x=-0.3057212829589844 f=1.6008132141869282 u =0.3720700863215669.
i:17  1011010100100111101110 x=0.4012460708618164 f=2.2402476614797706 u =0.419939083764868.
i:18  1010101100111111100000 x=-0.9068307876586914 f=0.27082713489562593 u =0.5475659397190198.
i:19  0011100100001111011010 x=0.07530689239501953 f=2.0696357643528245 u =0.6587581214836572.
i:20  0111101110000100000110 x=0.13120126724243164 f=2.1139874947164117 u =0.5751773065992684.
Recombinare dintre cromozomul 0 si cromozomul 1:
0010110001111010100000 1010101100111111100000 punct:18
Recombinare dintre cromozomul 3 si cromozomul 6:
1000010010100100000110 0111101110000100000110 punct:11
Recombinare dintre cromozomul 7 si cromozomul 12:
0111001010010010111000 0010110001111010100000 punct:19


Dupa incrucisare:
i:1  0010110001111010100000 x=1.3141241073608398 f=1.5872019378139157
i:2  1010101100111111100000 x=-0.9068307876586914 f=0.27082713489562593
i:3  0111101110000100000110 x=0.13120126724243164 f=2.1139874947164117
i:4  1000010010100100000110 x=0.27242279052734375 f=2.1982086137286387
i:5  0001101001010111111101 x=1.2460346221923828 f=1.6934323424902686
i:6  0110100010101111100110 x=0.2167515754699707 f=2.1697703300012563
i:7  0111101110000100000110 x=0.13120126724243164 f=2.1139874947164117
i:8  0111001010010010111000 x=0.8415474891662598 f=2.1333453126442237
i:9  0011100100001111011010 x=0.07530689239501953 f=2.0696357643528245
i:10  0111001010010010111000 x=0.8415474891662598 f=2.1333453126442237
i:11  0111101110000100000110 x=0.13120126724243164 f=2.1139874947164117
i:12  0010110001111010100000 x=1.3141241073608398 f=1.5872019378139157
i:13  0010110001111010100000 x=1.3141241073608398 f=1.5872019378139157
i:14  0110011111010001000010 x=-0.22438383102416992 f=1.7252680653507468
i:15  0110100010101111100110 x=0.2167515754699707 f=2.1697703300012563
i:16  0000110111110011011100 x=-0.3057212829589844 f=1.6008132141869282
i:17  1011010100100111101110 x=0.4012460708618164 f=2.2402476614797706
i:18  1010101100111111100000 x=-0.9068307876586914 f=0.27082713489562593
i:19  0011100100001111011010 x=0.07530689239501953 f=2.0696357643528245
i:20  0111101110000100000110 x=0.13120126724243164 f=2.1139874947164117



Probabilitate de mutatie pentru fiecare gena 0.01.
Au fost modificati urmatorii cromozomi:
3
16
Dupa mutatie: 
i:1 1011010100100111101110 x=0.4012460708618164 f=2.2402476614797706
i:2 1010101100111111100000 x=-0.9068307876586914 f=0.27082713489562593
i:3 0111101110010100000110 x=0.13120126724243164 f=2.1139874947164117
i:4 1000010010100100000110 x=0.27242279052734375 f=2.1982086137286387
i:5 0001101001010111111101 x=1.2460346221923828 f=1.6934323424902686
i:6 0110100010101111100110 x=0.2167515754699707 f=2.1697703300012563
i:7 0111101110010100000110 x=0.13120126724243164 f=2.1139874947164117
i:8 0111001010010010111000 x=0.8415474891662598 f=2.1333453126442237
i:9 0011100100001111011010 x=0.07530689239501953 f=2.0696357643528245
i:10 0111001010010010111000 x=0.8415474891662598 f=2.1333453126442237
i:11 0111101110010100000110 x=0.13120126724243164 f=2.1139874947164117
i:12 0010110001111010100000 x=1.3141241073608398 f=1.5872019378139157
i:13 0010110001111010100000 x=1.3141241073608398 f=1.5872019378139157
i:14 0110011111010001000010 x=-0.22438383102416992 f=1.7252680653507468
i:15 0110100010101111100110 x=0.2167515754699707 f=2.1697703300012563
i:16 0000110111100011011100 x=-0.3057212829589844 f=1.6008132141869282
i:17 0010110001111010100000 x=1.3141241073608398 f=1.5872019378139157
i:18 1010101100111111100000 x=-0.9068307876586914 f=0.27082713489562593
i:19 0011100100001111011010 x=0.07530689239501953 f=2.0696357643528245
i:20 0111101110010100000110 x=0.13120126724243164 f=2.1139874947164117



Evolutie:
2.2402476614797706
2.2402476614797706
2.1697703300012563
2.1333453126442237
2.1333453126442237
2.1333453126442237
2.1333453126442237
2.1333453126442237
2.1333453126442237
2.1333453126442237
2.1333453126442237
2.1333453126442237
2.1333453126442237
2.1333453126442237
2.1333453126442237
2.1333453126442237
2.1333453126442237
2.1333453126442237
2.1333453126442237
2.1333453126442237
